<?xml version="1.0" encoding="UTF-8"?>
<testng-results ignored="0" total="1" passed="1" failed="0" skipped="0">
  <reporter-output>
  </reporter-output>
  <suite started-at="2023-03-13T15:50:46 IST" name="Default suite" finished-at="2023-03-13T15:50:47 IST" duration-ms="115">
    <groups>
    </groups>
    <test started-at="2023-03-13T15:50:46 IST" name="Default test" finished-at="2023-03-13T15:50:47 IST" duration-ms="115">
      <class name="ustbatchno3.TestNG.ConstructionSamudhraTest">
        <test-method signature="Construction()[pri:0, instance:ustbatchno3.TestNG.ConstructionSamudhraTest@5276e6b0]" started-at="2023-03-13T15:50:47 IST" name="Construction" finished-at="2023-03-13T15:50:47 IST" duration-ms="23" status="PASS">
          <reporter-output>
          </reporter-output>
        </test-method> <!-- Construction -->
      </class> <!-- ustbatchno3.TestNG.ConstructionSamudhraTest -->
    </test> <!-- Default test -->
  </suite> <!-- Default suite -->
</testng-results>
